<?xml version="1.0" encoding="UTF-8"?>
<testng-results skipped="0" failed="0" ignored="0" total="5" passed="5">
  <reporter-output>
  </reporter-output>
  <suite name="search-module" duration-ms="74139" started-at="2021-12-02T03:43:16 GMT" finished-at="2021-12-02T03:44:31 GMT">
    <groups>
    </groups>
    <test name="search-module-3" duration-ms="20255" started-at="2021-12-02T03:43:16 GMT" finished-at="2021-12-02T03:43:37 GMT">
      <class name="com.searchmodule.tests.SearchTest">
        <test-method status="PASS" signature="setupDriver()[pri:0, instance:com.searchmodule.tests.SearchTest@887af79]" name="setupDriver" is-config="true" duration-ms="2944" started-at="2021-12-02T03:43:16 GMT" finished-at="2021-12-02T03:43:19 GMT">
          <reporter-output>
          </reporter-output>
        </test-method> <!-- setupDriver -->
        <test-method status="PASS" signature="searchTest(java.lang.String)[pri:0, instance:com.searchmodule.tests.SearchTest@887af79]" name="searchTest" duration-ms="17198" started-at="2021-12-02T03:43:19 GMT" finished-at="2021-12-02T03:43:37 GMT">
          <params>
            <param index="0">
              <value>
                <![CDATA[java]]>
              </value>
            </param>
          </params>
          <reporter-output>
          </reporter-output>
        </test-method> <!-- searchTest -->
        <test-method status="PASS" signature="quitDriver()[pri:0, instance:com.searchmodule.tests.SearchTest@887af79]" name="quitDriver" is-config="true" duration-ms="64" started-at="2021-12-02T03:43:37 GMT" finished-at="2021-12-02T03:43:37 GMT">
          <reporter-output>
          </reporter-output>
        </test-method> <!-- quitDriver -->
      </class> <!-- com.searchmodule.tests.SearchTest -->
    </test> <!-- search-module-3 -->
    <test name="search-module-4" duration-ms="41057" started-at="2021-12-02T03:43:16 GMT" finished-at="2021-12-02T03:43:57 GMT">
      <class name="com.searchmodule.tests.SearchTest">
        <test-method status="PASS" signature="setupDriver()[pri:0, instance:com.searchmodule.tests.SearchTest@5bc79255]" name="setupDriver" is-config="true" duration-ms="20659" started-at="2021-12-02T03:43:16 GMT" finished-at="2021-12-02T03:43:37 GMT">
          <reporter-output>
          </reporter-output>
        </test-method> <!-- setupDriver -->
        <test-method status="PASS" signature="searchTest(java.lang.String)[pri:0, instance:com.searchmodule.tests.SearchTest@5bc79255]" name="searchTest" duration-ms="20337" started-at="2021-12-02T03:43:37 GMT" finished-at="2021-12-02T03:43:57 GMT">
          <params>
            <param index="0">
              <value>
                <![CDATA[tortuga]]>
              </value>
            </param>
          </params>
          <reporter-output>
          </reporter-output>
        </test-method> <!-- searchTest -->
        <test-method status="PASS" signature="quitDriver()[pri:0, instance:com.searchmodule.tests.SearchTest@5bc79255]" name="quitDriver" is-config="true" duration-ms="61" started-at="2021-12-02T03:43:57 GMT" finished-at="2021-12-02T03:43:57 GMT">
          <reporter-output>
          </reporter-output>
        </test-method> <!-- quitDriver -->
      </class> <!-- com.searchmodule.tests.SearchTest -->
    </test> <!-- search-module-4 -->
    <test name="search-module-2" duration-ms="49954" started-at="2021-12-02T03:43:16 GMT" finished-at="2021-12-02T03:44:06 GMT">
      <class name="com.searchmodule.tests.SearchTest">
        <test-method status="PASS" signature="setupDriver()[pri:0, instance:com.searchmodule.tests.SearchTest@65e2dbf3]" name="setupDriver" is-config="true" duration-ms="27493" started-at="2021-12-02T03:43:16 GMT" finished-at="2021-12-02T03:43:44 GMT">
          <reporter-output>
          </reporter-output>
        </test-method> <!-- setupDriver -->
        <test-method status="PASS" signature="searchTest(java.lang.String)[pri:0, instance:com.searchmodule.tests.SearchTest@65e2dbf3]" name="searchTest" duration-ms="22375" started-at="2021-12-02T03:43:44 GMT" finished-at="2021-12-02T03:44:06 GMT">
          <params>
            <param index="0">
              <value>
                <![CDATA[qa]]>
              </value>
            </param>
          </params>
          <reporter-output>
          </reporter-output>
        </test-method> <!-- searchTest -->
        <test-method status="PASS" signature="quitDriver()[pri:0, instance:com.searchmodule.tests.SearchTest@65e2dbf3]" name="quitDriver" is-config="true" duration-ms="77" started-at="2021-12-02T03:44:06 GMT" finished-at="2021-12-02T03:44:06 GMT">
          <reporter-output>
          </reporter-output>
        </test-method> <!-- quitDriver -->
      </class> <!-- com.searchmodule.tests.SearchTest -->
    </test> <!-- search-module-2 -->
    <test name="search-module-5" duration-ms="63615" started-at="2021-12-02T03:43:16 GMT" finished-at="2021-12-02T03:44:20 GMT">
      <class name="com.searchmodule.tests.SearchTest">
        <test-method status="PASS" signature="setupDriver()[pri:0, instance:com.searchmodule.tests.SearchTest@5ae63ade]" name="setupDriver" is-config="true" duration-ms="50423" started-at="2021-12-02T03:43:16 GMT" finished-at="2021-12-02T03:44:07 GMT">
          <reporter-output>
          </reporter-output>
        </test-method> <!-- setupDriver -->
        <test-method status="PASS" signature="searchTest(java.lang.String)[pri:0, instance:com.searchmodule.tests.SearchTest@5ae63ade]" name="searchTest" duration-ms="13120" started-at="2021-12-02T03:44:07 GMT" finished-at="2021-12-02T03:44:20 GMT">
          <params>
            <param index="0">
              <value>
                <![CDATA[docker]]>
              </value>
            </param>
          </params>
          <reporter-output>
          </reporter-output>
        </test-method> <!-- searchTest -->
        <test-method status="PASS" signature="quitDriver()[pri:0, instance:com.searchmodule.tests.SearchTest@5ae63ade]" name="quitDriver" is-config="true" duration-ms="71" started-at="2021-12-02T03:44:20 GMT" finished-at="2021-12-02T03:44:20 GMT">
          <reporter-output>
          </reporter-output>
        </test-method> <!-- quitDriver -->
      </class> <!-- com.searchmodule.tests.SearchTest -->
    </test> <!-- search-module-5 -->
    <test name="search-module-1" duration-ms="74139" started-at="2021-12-02T03:43:16 GMT" finished-at="2021-12-02T03:44:31 GMT">
      <class name="com.searchmodule.tests.SearchTest">
        <test-method status="PASS" signature="setupDriver()[pri:0, instance:com.searchmodule.tests.SearchTest@544fe44c]" name="setupDriver" is-config="true" duration-ms="53810" started-at="2021-12-02T03:43:16 GMT" finished-at="2021-12-02T03:44:10 GMT">
          <reporter-output>
          </reporter-output>
        </test-method> <!-- setupDriver -->
        <test-method status="PASS" signature="searchTest(java.lang.String)[pri:0, instance:com.searchmodule.tests.SearchTest@544fe44c]" name="searchTest" duration-ms="20257" started-at="2021-12-02T03:44:10 GMT" finished-at="2021-12-02T03:44:30 GMT">
          <params>
            <param index="0">
              <value>
                <![CDATA[karate]]>
              </value>
            </param>
          </params>
          <reporter-output>
          </reporter-output>
        </test-method> <!-- searchTest -->
        <test-method status="PASS" signature="quitDriver()[pri:0, instance:com.searchmodule.tests.SearchTest@544fe44c]" name="quitDriver" is-config="true" duration-ms="63" started-at="2021-12-02T03:44:30 GMT" finished-at="2021-12-02T03:44:31 GMT">
          <reporter-output>
          </reporter-output>
        </test-method> <!-- quitDriver -->
      </class> <!-- com.searchmodule.tests.SearchTest -->
    </test> <!-- search-module-1 -->
  </suite> <!-- search-module -->
</testng-results>
